<?xml version="1.0" encoding="UTF-8"?>
<!-- Generated by org.testng.reporters.JUnitXMLReporter -->
<testsuite ignored="0" hostname="IN-GKTZ9K3" failures="0" tests="3" name="Default test" time="175.8" errors="0" timestamp="09 Nov 2022 11:40:07 GMT">
  <testcase classname="cucumber.api.testng.AbstractTestNGCucumberTests" name="feature" time="44.226"/>
  <testcase classname="cucumber.api.testng.AbstractTestNGCucumberTests" name="feature" time="80.809"/>
  <testcase classname="cucumber.api.testng.AbstractTestNGCucumberTests" name="feature" time="50.531"/>
</testsuite> <!-- Default test -->
